Removed Pin From Net: NetName=VCC3V3 Pin=P6-1
Removed Pin From Net: NetName=SWDIO Pin=P6-2
Removed Pin From Net: NetName=SWDCLK Pin=P6-3
Removed Pin From Net: NetName=GND Pin=P6-4
Removed Member From Class: ClassName=KM_BD01 Member=P6
Change Component Footprint: Designator=P4 Old Footprint=PLS_4 New Footprint=PLS_4x2
Change Component Comment : Designator=P4 Old Comment=Header 4x1 New Comment=Header 2x4 (I2C + SWD)
Added Pin To Net: NetName=VCC3V3 Pin=P4-1
Added Pin To Net: NetName=SWDIO Pin=P4-2
Added Pin To Net: NetName=SWDCLK Pin=P4-3
Added Pin To Net: NetName=GND Pin=P4-4
Added Pin To Net: NetName=NetP4_5 Pin=P4-5
Added Pin To Net: NetName=NetP4_5 Pin=U7-4
Added Net: Name=NetP4_5
Added Pin To Net: NetName=NetP4_6 Pin=P4-6
Added Pin To Net: NetName=NetP4_6 Pin=U7-3
Added Net: Name=NetP4_6
Added Pin To Net: NetName=NetP4_7 Pin=P4-7
Added Pin To Net: NetName=NetP4_7 Pin=U7-2
Added Net: Name=NetP4_7
Added Pin To Net: NetName=NetP4_8 Pin=P4-8
Added Pin To Net: NetName=NetP4_8 Pin=U7-1
Added Net: Name=NetP4_8
