Added Component: Designator=C1(SMD 1206 CAP)
Add component. Clean all parameters for all variants
Added Component: Designator=C2(SMD 1206 CAP)
Add component. Clean all parameters for all variants
Added Component: Designator=C3(SMD 1206 CAP)
Add component. Clean all parameters for all variants
Added Component: Designator=C4(SMD 1206 CAP)
Add component. Clean all parameters for all variants
Added Component: Designator=C5(SMD 1206 CAP)
Add component. Clean all parameters for all variants
Added Component: Designator=C6(SMD 1206 CAP)
Add component. Clean all parameters for all variants
Added Component: Designator=C7(SMD 1206 CAP)
Add component. Clean all parameters for all variants
Added Component: Designator=C8(SMD 1206 CAP)
Add component. Clean all parameters for all variants
Added Component: Designator=C9(SMD 1206 CAP)
Add component. Clean all parameters for all variants
Added Component: Designator=C10(SMD 1206 CAP)
Add component. Clean all parameters for all variants
Added Component: Designator=C11(SMD 1206 CAP)
Add component. Clean all parameters for all variants
Added Component: Designator=C12(SMD 1206 CAP)
Add component. Clean all parameters for all variants
Added Component: Designator=C13(SMD 1206 CAP)
Add component. Clean all parameters for all variants
Added Component: Designator=C14(SMD 1206 CAP)
Add component. Clean all parameters for all variants
Added Component: Designator=C15(SMD 1206 CAP)
Add component. Clean all parameters for all variants
Added Component: Designator=C16(SMD 1206 CAP)
Add component. Clean all parameters for all variants
Added Component: Designator=C17(SMD 1206 CAP)
Add component. Clean all parameters for all variants
Added Component: Designator=C18(SMD 1206 CAP)
Add component. Clean all parameters for all variants
Added Component: Designator=C19(THD 6.3x11 CAP)
Add component. Clean all parameters for all variants
Added Component: Designator=C20(THD 6.3x11 CAP)
Add component. Clean all parameters for all variants
Added Component: Designator=C21(SMD 1206 CAP)
Add component. Clean all parameters for all variants
Added Component: Designator=C22(SMD 1206 CAP)
Add component. Clean all parameters for all variants
Added Component: Designator=C23(SMD 1206 CAP)
Add component. Clean all parameters for all variants
Added Component: Designator=C24(SMD 1206 CAP)
Add component. Clean all parameters for all variants
Added Component: Designator=C25(SMD 1206 CAP)
Add component. Clean all parameters for all variants
Added Component: Designator=D1(DO-35)
Add component. Clean all parameters for all variants
Added Component: Designator=D2(DO-35)
Add component. Clean all parameters for all variants
Added Component: Designator=D3(LED 3mm GREEN)
Add component. Clean all parameters for all variants
Added Component: Designator=D4(LED 3mm RED)
Add component. Clean all parameters for all variants
Added Component: Designator=D5(DO-35)
Add component. Clean all parameters for all variants
Added Component: Designator=P1(Universal 3-Phase Terminal)
Add component. Clean all parameters for all variants
Added Component: Designator=P2(PLS_5)
Add component. Clean all parameters for all variants
Added Component: Designator=P3(PLS_3x2)
Add component. Clean all parameters for all variants
Added Component: Designator=P4(PLS_4)
Add component. Clean all parameters for all variants
Added Component: Designator=P5(Universal Power Terminal)
Add component. Clean all parameters for all variants
Added Component: Designator=P6(PLS_4)
Add component. Clean all parameters for all variants
Added Component: Designator=P7(PLS_4)
Add component. Clean all parameters for all variants
Added Component: Designator=Q1(SO-8FL)
Add component. Clean all parameters for all variants
Added Component: Designator=Q2(SO-8FL)
Add component. Clean all parameters for all variants
Added Component: Designator=Q3(SO-8FL)
Add component. Clean all parameters for all variants
Added Component: Designator=Q4(SO-8FL)
Add component. Clean all parameters for all variants
Added Component: Designator=Q5(SO-8FL)
Add component. Clean all parameters for all variants
Added Component: Designator=Q6(SO-8FL)
Add component. Clean all parameters for all variants
Added Component: Designator=R2(SMD 1206 RES)
Add component. Clean all parameters for all variants
Added Component: Designator=R5(SMD 1206 RES)
Add component. Clean all parameters for all variants
Added Component: Designator=R6(SMD 1206 RES)
Add component. Clean all parameters for all variants
Added Component: Designator=R8(SMD 1206 RES)
Add component. Clean all parameters for all variants
Added Component: Designator=R9(SMD 1206 RES)
Add component. Clean all parameters for all variants
Added Component: Designator=R10(SMD 1206 RES)
Add component. Clean all parameters for all variants
Added Component: Designator=R11(SMD 1206 RES)
Add component. Clean all parameters for all variants
Added Component: Designator=R12(SMD 1206 RES)
Add component. Clean all parameters for all variants
Added Component: Designator=R14(SMD 1206 RES)
Add component. Clean all parameters for all variants
Added Component: Designator=R16(SMD 1206 RES)
Add component. Clean all parameters for all variants
Added Component: Designator=U1(SOT95P245X110-5N)
Add component. Clean all parameters for all variants
Added Component: Designator=U2(SOIC-8)
Add component. Clean all parameters for all variants
Added Component: Designator=U3(TQFP-48)
Add component. Clean all parameters for all variants
Added Component: Designator=U4(D2PAK)
Add component. Clean all parameters for all variants
Added Component: Designator=U5(SOIC-8)
Add component. Clean all parameters for all variants
Added Component: Designator=U7(SOIC-8)
Add component. Clean all parameters for all variants
Added Component: Designator=Y1(SMD 0803-8P4)
Add component. Clean all parameters for all variants
Added Component: Designator=Y2(HC-49S)
Add component. Clean all parameters for all variants
Added Pin To Net: NetName=BOOT0 Pin=R10-1
Added Pin To Net: NetName=BOOT0 Pin=U3-44
Added Net: Name=BOOT0
Added Pin To Net: NetName=BOOT1 Pin=R11-2
Added Pin To Net: NetName=BOOT1 Pin=U3-20
Added Net: Name=BOOT1
Added Pin To Net: NetName=GND Pin=C1-1
Added Pin To Net: NetName=GND Pin=C2-1
Added Pin To Net: NetName=GND Pin=C4-1
Added Pin To Net: NetName=GND Pin=C5-1
Added Pin To Net: NetName=GND Pin=C6-1
Added Pin To Net: NetName=GND Pin=C7-1
Added Pin To Net: NetName=GND Pin=C8-1
Added Pin To Net: NetName=GND Pin=C9-1
Added Pin To Net: NetName=GND Pin=C10-2
Added Pin To Net: NetName=GND Pin=C12-1
Added Pin To Net: NetName=GND Pin=C13-1
Added Pin To Net: NetName=GND Pin=C14-1
Added Pin To Net: NetName=GND Pin=C16-1
Added Pin To Net: NetName=GND Pin=C17-1
Added Pin To Net: NetName=GND Pin=C18-1
Added Pin To Net: NetName=GND Pin=C19-2
Added Pin To Net: NetName=GND Pin=C20-2
Added Pin To Net: NetName=GND Pin=C21-1
Added Pin To Net: NetName=GND Pin=C22-1
Added Pin To Net: NetName=GND Pin=C23-1
Added Pin To Net: NetName=GND Pin=C24-1
Added Pin To Net: NetName=GND Pin=C25-1
Added Pin To Net: NetName=GND Pin=P2-4
Added Pin To Net: NetName=GND Pin=P3-5
Added Pin To Net: NetName=GND Pin=P3-6
Added Pin To Net: NetName=GND Pin=P5-2
Added Pin To Net: NetName=GND Pin=P5-2
Added Pin To Net: NetName=GND Pin=P6-4
Added Pin To Net: NetName=GND Pin=Q2-2
Added Pin To Net: NetName=GND Pin=Q2-2
Added Pin To Net: NetName=GND Pin=Q2-2
Added Pin To Net: NetName=GND Pin=Q4-2
Added Pin To Net: NetName=GND Pin=Q4-2
Added Pin To Net: NetName=GND Pin=Q4-2
Added Pin To Net: NetName=GND Pin=Q6-2
Added Pin To Net: NetName=GND Pin=Q6-2
Added Pin To Net: NetName=GND Pin=Q6-2
Added Pin To Net: NetName=GND Pin=R2-1
Added Pin To Net: NetName=GND Pin=R5-2
Added Pin To Net: NetName=GND Pin=R6-1
Added Pin To Net: NetName=GND Pin=R8-2
Added Pin To Net: NetName=GND Pin=R9-1
Added Pin To Net: NetName=GND Pin=R12-1
Added Pin To Net: NetName=GND Pin=R14-1
Added Pin To Net: NetName=GND Pin=U1-2
Added Pin To Net: NetName=GND Pin=U2-4
Added Pin To Net: NetName=GND Pin=U3-8
Added Pin To Net: NetName=GND Pin=U3-23
Added Pin To Net: NetName=GND Pin=U3-35
Added Pin To Net: NetName=GND Pin=U3-47
Added Pin To Net: NetName=GND Pin=U4-3
Added Pin To Net: NetName=GND Pin=U5-4
Added Pin To Net: NetName=GND Pin=U7-5
Added Net: Name=GND
Added Pin To Net: NetName=NetC3_1 Pin=C3-1
Added Pin To Net: NetName=NetC3_1 Pin=D1-2
Added Pin To Net: NetName=NetC3_1 Pin=U2-5
Added Net: Name=NetC3_1
Added Pin To Net: NetName=NetC5_2 Pin=C5-2
Added Pin To Net: NetName=NetC5_2 Pin=U1-4
Added Net: Name=NetC5_2
Added Pin To Net: NetName=NetC11_1 Pin=C11-1
Added Pin To Net: NetName=NetC11_1 Pin=D2-2
Added Pin To Net: NetName=NetC11_1 Pin=U5-5
Added Net: Name=NetC11_1
Added Pin To Net: NetName=NetC15_1 Pin=C15-1
Added Pin To Net: NetName=NetC15_1 Pin=D5-2
Added Net: Name=NetC15_1
Added Pin To Net: NetName=NetD3_2 Pin=D3-2
Added Pin To Net: NetName=NetD3_2 Pin=R5-1
Added Net: Name=NetD3_2
Added Pin To Net: NetName=NetD4_2 Pin=D4-2
Added Pin To Net: NetName=NetD4_2 Pin=R8-1
Added Net: Name=NetD4_2
Added Pin To Net: NetName=NetP3_3 Pin=P3-3
Added Pin To Net: NetName=NetP3_3 Pin=R10-2
Added Net: Name=NetP3_3
Added Pin To Net: NetName=NetP3_4 Pin=P3-4
Added Pin To Net: NetName=NetP3_4 Pin=R11-1
Added Net: Name=NetP3_4
Added Pin To Net: NetName=NetP4_1 Pin=P4-1
Added Pin To Net: NetName=NetP4_1 Pin=U7-4
Added Net: Name=NetP4_1
Added Pin To Net: NetName=NetP4_2 Pin=P4-2
Added Pin To Net: NetName=NetP4_2 Pin=U7-3
Added Net: Name=NetP4_2
Added Pin To Net: NetName=NetP4_3 Pin=P4-3
Added Pin To Net: NetName=NetP4_3 Pin=U7-2
Added Net: Name=NetP4_3
Added Pin To Net: NetName=NetP4_4 Pin=P4-4
Added Pin To Net: NetName=NetP4_4 Pin=U7-1
Added Net: Name=NetP4_4
Added Pin To Net: NetName=NetQ1_1 Pin=Q1-1
Added Net: Name=NetQ1_1
Added Pin To Net: NetName=NetQ2_1 Pin=Q2-1
Added Net: Name=NetQ2_1
Added Pin To Net: NetName=NetQ3_1 Pin=Q3-1
Added Net: Name=NetQ3_1
Added Pin To Net: NetName=NetQ4_1 Pin=Q4-1
Added Net: Name=NetQ4_1
Added Pin To Net: NetName=NetQ5_1 Pin=Q5-1
Added Net: Name=NetQ5_1
Added Pin To Net: NetName=NetQ6_1 Pin=Q6-1
Added Net: Name=NetQ6_1
Added Pin To Net: NetName=NetR1_1 Pin=U2-6
Added Net: Name=NetR1_1
Added Pin To Net: NetName=NetR3_1 Pin=U2-8
Added Net: Name=NetR3_1
Added Pin To Net: NetName=NetR4_1 Pin=U5-6
Added Net: Name=NetR4_1
Added Pin To Net: NetName=NetR7_1 Pin=U5-8
Added Net: Name=NetR7_1
Added Net: Name=NetR13_1
Added Net: Name=NetR15_1
Added Pin To Net: NetName=OSCIN Pin=C21-2
Added Pin To Net: NetName=OSCIN Pin=R16-2
Added Pin To Net: NetName=OSCIN Pin=U3-5
Added Pin To Net: NetName=OSCIN Pin=Y2-1
Added Net: Name=OSCIN
Added Pin To Net: NetName=OSCOUT Pin=C23-2
Added Pin To Net: NetName=OSCOUT Pin=R16-1
Added Pin To Net: NetName=OSCOUT Pin=U3-6
Added Pin To Net: NetName=OSCOUT Pin=Y2-2
Added Net: Name=OSCOUT
Added Pin To Net: NetName=PA1 Pin=U2-2
Added Pin To Net: NetName=PA1 Pin=U3-11
Added Net: Name=PA1
Added Pin To Net: NetName=PA3 Pin=P7-1
Added Pin To Net: NetName=PA3 Pin=U3-13
Added Net: Name=PA3
Added Pin To Net: NetName=PA4 Pin=P7-2
Added Pin To Net: NetName=PA4 Pin=U3-14
Added Net: Name=PA4
Added Pin To Net: NetName=PA5 Pin=P7-3
Added Pin To Net: NetName=PA5 Pin=U3-15
Added Net: Name=PA5
Added Pin To Net: NetName=PA6 Pin=P7-4
Added Pin To Net: NetName=PA6 Pin=U3-16
Added Net: Name=PA6
Added Pin To Net: NetName=PB0 Pin=U3-18
Added Pin To Net: NetName=PB0 Pin=U5-2
Added Net: Name=PB0
Added Pin To Net: NetName=PB7 Pin=U3-43
Added Net: Name=PB7
Added Pin To Net: NetName=PB10/SCL2 Pin=U3-21
Added Pin To Net: NetName=PB10/SCL2 Pin=U7-6
Added Net: Name=PB10/SCL2
Added Pin To Net: NetName=PB11/SDA2 Pin=U3-22
Added Pin To Net: NetName=PB11/SDA2 Pin=U7-7
Added Net: Name=PB11/SDA2
Added Pin To Net: NetName=PB12 Pin=U2-3
Added Pin To Net: NetName=PB12 Pin=U3-25
Added Pin To Net: NetName=PB12 Pin=U5-3
Added Net: Name=PB12
Added Pin To Net: NetName=PB13 Pin=P2-2
Added Pin To Net: NetName=PB13 Pin=R9-2
Added Pin To Net: NetName=PB13 Pin=U3-26
Added Net: Name=PB13
Added Pin To Net: NetName=PB14 Pin=P2-3
Added Pin To Net: NetName=PB14 Pin=R12-2
Added Pin To Net: NetName=PB14 Pin=U3-27
Added Net: Name=PB14
Added Pin To Net: NetName=PC14 Pin=C16-2
Added Pin To Net: NetName=PC14 Pin=U3-3
Added Pin To Net: NetName=PC14 Pin=Y1-1
Added Net: Name=PC14
Added Pin To Net: NetName=PC15 Pin=C18-2
Added Pin To Net: NetName=PC15 Pin=U3-4
Added Pin To Net: NetName=PC15 Pin=Y1-4
Added Net: Name=PC15
Added Pin To Net: NetName=PHASE_A Pin=C3-2
Added Pin To Net: NetName=PHASE_A Pin=P1-1
Added Pin To Net: NetName=PHASE_A Pin=P1-1
Added Pin To Net: NetName=PHASE_A Pin=Q1-2
Added Pin To Net: NetName=PHASE_A Pin=Q1-2
Added Pin To Net: NetName=PHASE_A Pin=Q1-2
Added Pin To Net: NetName=PHASE_A Pin=Q2-3
Added Pin To Net: NetName=PHASE_A Pin=R2-2
Added Pin To Net: NetName=PHASE_A Pin=U2-7
Added Net: Name=PHASE_A
Added Pin To Net: NetName=PHASE_B Pin=C11-2
Added Pin To Net: NetName=PHASE_B Pin=P1-2
Added Pin To Net: NetName=PHASE_B Pin=P1-2
Added Pin To Net: NetName=PHASE_B Pin=Q3-2
Added Pin To Net: NetName=PHASE_B Pin=Q3-2
Added Pin To Net: NetName=PHASE_B Pin=Q3-2
Added Pin To Net: NetName=PHASE_B Pin=Q4-3
Added Pin To Net: NetName=PHASE_B Pin=R6-2
Added Pin To Net: NetName=PHASE_B Pin=U5-7
Added Net: Name=PHASE_B
Added Pin To Net: NetName=PHASE_C Pin=C15-2
Added Pin To Net: NetName=PHASE_C Pin=P1-3
Added Pin To Net: NetName=PHASE_C Pin=P1-3
Added Pin To Net: NetName=PHASE_C Pin=Q5-2
Added Pin To Net: NetName=PHASE_C Pin=Q5-2
Added Pin To Net: NetName=PHASE_C Pin=Q5-2
Added Pin To Net: NetName=PHASE_C Pin=Q6-3
Added Pin To Net: NetName=PHASE_C Pin=R14-2
Added Net: Name=PHASE_C
Added Pin To Net: NetName=SWDCLK Pin=P6-3
Added Pin To Net: NetName=SWDCLK Pin=U3-37
Added Net: Name=SWDCLK
Added Pin To Net: NetName=SWDIO Pin=P6-2
Added Pin To Net: NetName=SWDIO Pin=U3-34
Added Net: Name=SWDIO
Added Pin To Net: NetName=VCC3V3 Pin=C1-2
Added Pin To Net: NetName=VCC3V3 Pin=C2-2
Added Pin To Net: NetName=VCC3V3 Pin=C7-2
Added Pin To Net: NetName=VCC3V3 Pin=C8-2
Added Pin To Net: NetName=VCC3V3 Pin=C12-2
Added Pin To Net: NetName=VCC3V3 Pin=C13-2
Added Pin To Net: NetName=VCC3V3 Pin=C22-2
Added Pin To Net: NetName=VCC3V3 Pin=D3-1
Added Pin To Net: NetName=VCC3V3 Pin=P2-5
Added Pin To Net: NetName=VCC3V3 Pin=P6-1
Added Pin To Net: NetName=VCC3V3 Pin=U1-5
Added Pin To Net: NetName=VCC3V3 Pin=U3-9
Added Pin To Net: NetName=VCC3V3 Pin=U3-24
Added Pin To Net: NetName=VCC3V3 Pin=U3-36
Added Pin To Net: NetName=VCC3V3 Pin=U3-48
Added Pin To Net: NetName=VCC3V3 Pin=U7-8
Added Net: Name=VCC3V3
Added Pin To Net: NetName=VCC5V Pin=C4-2
Added Pin To Net: NetName=VCC5V Pin=C10-1
Added Pin To Net: NetName=VCC5V Pin=P2-1
Added Pin To Net: NetName=VCC5V Pin=U1-1
Added Pin To Net: NetName=VCC5V Pin=U1-3
Added Pin To Net: NetName=VCC5V Pin=U4-2
Added Net: Name=VCC5V
Added Pin To Net: NetName=VCC12V Pin=C6-2
Added Pin To Net: NetName=VCC12V Pin=C9-2
Added Pin To Net: NetName=VCC12V Pin=C14-2
Added Pin To Net: NetName=VCC12V Pin=C17-2
Added Pin To Net: NetName=VCC12V Pin=C19-1
Added Pin To Net: NetName=VCC12V Pin=C20-1
Added Pin To Net: NetName=VCC12V Pin=D1-1
Added Pin To Net: NetName=VCC12V Pin=D2-1
Added Pin To Net: NetName=VCC12V Pin=D4-1
Added Pin To Net: NetName=VCC12V Pin=D5-1
Added Pin To Net: NetName=VCC12V Pin=P5-1
Added Pin To Net: NetName=VCC12V Pin=P5-1
Added Pin To Net: NetName=VCC12V Pin=Q1-3
Added Pin To Net: NetName=VCC12V Pin=Q3-3
Added Pin To Net: NetName=VCC12V Pin=Q5-3
Added Pin To Net: NetName=VCC12V Pin=U2-1
Added Pin To Net: NetName=VCC12V Pin=U4-1
Added Pin To Net: NetName=VCC12V Pin=U5-1
Added Net: Name=VCC12V
Added Pin To Net: NetName=VCC Pin=C24-2
Added Pin To Net: NetName=VCC Pin=C25-2
Added Pin To Net: NetName=VCC Pin=P3-1
Added Pin To Net: NetName=VCC Pin=P3-2
Added Net: Name=VCC
Added Class: Name=KM_BD01
Added Room: Name=KM_BD01
