Replace Part C1 100nF in C:\Users\tonyk\Documents\Workspaces\Eurobot 2020\voxl\electronics\KM_BD01\KM_BD01.SchDoc with 100nF from KM_BD01.SchLib
Replace Part C2 100nF in C:\Users\tonyk\Documents\Workspaces\Eurobot 2020\voxl\electronics\KM_BD01\KM_BD01.SchDoc with 100nF from KM_BD01.SchLib
Replace Part C3 2.2µF in C:\Users\tonyk\Documents\Workspaces\Eurobot 2020\voxl\electronics\KM_BD01\KM_BD01.SchDoc with 2.2µF from KM_BD01.SchLib
Replace Part C4 1µF in C:\Users\tonyk\Documents\Workspaces\Eurobot 2020\voxl\electronics\KM_BD01\KM_BD01.SchDoc with 1µF from KM_BD01.SchLib
Replace Part C5 22nF in C:\Users\tonyk\Documents\Workspaces\Eurobot 2020\voxl\electronics\KM_BD01\KM_BD01.SchDoc with 22nF from KM_BD01.SchLib
Replace Part C6 10µF in C:\Users\tonyk\Documents\Workspaces\Eurobot 2020\voxl\electronics\KM_BD01\KM_BD01.SchDoc with 10µF from KM_BD01.SchLib
Replace Part C7 10µF in C:\Users\tonyk\Documents\Workspaces\Eurobot 2020\voxl\electronics\KM_BD01\KM_BD01.SchDoc with 10µF from KM_BD01.SchLib
Replace Part C8 100nF in C:\Users\tonyk\Documents\Workspaces\Eurobot 2020\voxl\electronics\KM_BD01\KM_BD01.SchDoc with 100nF from KM_BD01.SchLib
Replace Part C9 330nF in C:\Users\tonyk\Documents\Workspaces\Eurobot 2020\voxl\electronics\KM_BD01\KM_BD01.SchDoc with 330nF from KM_BD01.SchLib
Replace Part C10 100nF in C:\Users\tonyk\Documents\Workspaces\Eurobot 2020\voxl\electronics\KM_BD01\KM_BD01.SchDoc with 100nF from KM_BD01.SchLib
Replace Part C11 2.2µF in C:\Users\tonyk\Documents\Workspaces\Eurobot 2020\voxl\electronics\KM_BD01\KM_BD01.SchDoc with 2.2µF from KM_BD01.SchLib
Replace Part C12 100nF in C:\Users\tonyk\Documents\Workspaces\Eurobot 2020\voxl\electronics\KM_BD01\KM_BD01.SchDoc with 100nF from KM_BD01.SchLib
Replace Part C13 100nF in C:\Users\tonyk\Documents\Workspaces\Eurobot 2020\voxl\electronics\KM_BD01\KM_BD01.SchDoc with 100nF from KM_BD01.SchLib
Replace Part C14 10µF in C:\Users\tonyk\Documents\Workspaces\Eurobot 2020\voxl\electronics\KM_BD01\KM_BD01.SchDoc with 10µF from KM_BD01.SchLib
Replace Part C15 2.2µF in C:\Users\tonyk\Documents\Workspaces\Eurobot 2020\voxl\electronics\KM_BD01\KM_BD01.SchDoc with 2.2µF from KM_BD01.SchLib
Replace Part C16 20pF in C:\Users\tonyk\Documents\Workspaces\Eurobot 2020\voxl\electronics\KM_BD01\KM_BD01.SchDoc with 20pF from KM_BD01.SchLib
Replace Part C17 10µF in C:\Users\tonyk\Documents\Workspaces\Eurobot 2020\voxl\electronics\KM_BD01\KM_BD01.SchDoc with 10µF from KM_BD01.SchLib
Replace Part C18 20pF in C:\Users\tonyk\Documents\Workspaces\Eurobot 2020\voxl\electronics\KM_BD01\KM_BD01.SchDoc with 20pF from KM_BD01.SchLib
Replace Part C19 330µF in C:\Users\tonyk\Documents\Workspaces\Eurobot 2020\voxl\electronics\KM_BD01\KM_BD01.SchDoc with 330µF from KM_BD01.SchLib
Replace Part C20 330µF in C:\Users\tonyk\Documents\Workspaces\Eurobot 2020\voxl\electronics\KM_BD01\KM_BD01.SchDoc with 330µF from KM_BD01.SchLib
Replace Part C21 20pF in C:\Users\tonyk\Documents\Workspaces\Eurobot 2020\voxl\electronics\KM_BD01\KM_BD01.SchDoc with 20pF from KM_BD01.SchLib
Replace Part C22 100nF in C:\Users\tonyk\Documents\Workspaces\Eurobot 2020\voxl\electronics\KM_BD01\KM_BD01.SchDoc with 100nF from KM_BD01.SchLib
Replace Part C23 20pF in C:\Users\tonyk\Documents\Workspaces\Eurobot 2020\voxl\electronics\KM_BD01\KM_BD01.SchDoc with 20pF from KM_BD01.SchLib
Replace Part C24 100nF in C:\Users\tonyk\Documents\Workspaces\Eurobot 2020\voxl\electronics\KM_BD01\KM_BD01.SchDoc with 100nF from KM_BD01.SchLib
Replace Part C25 100nF in C:\Users\tonyk\Documents\Workspaces\Eurobot 2020\voxl\electronics\KM_BD01\KM_BD01.SchDoc with 100nF from KM_BD01.SchLib
Replace Part D1 1N4148 in C:\Users\tonyk\Documents\Workspaces\Eurobot 2020\voxl\electronics\KM_BD01\KM_BD01.SchDoc with 1N4148 from KM_BD01.SchLib
Replace Part D2 1N4148 in C:\Users\tonyk\Documents\Workspaces\Eurobot 2020\voxl\electronics\KM_BD01\KM_BD01.SchDoc with 1N4148 from KM_BD01.SchLib
Replace Part D4 LED 3mm [RED] in C:\Users\tonyk\Documents\Workspaces\Eurobot 2020\voxl\electronics\KM_BD01\KM_BD01.SchDoc with LED 3mm [RED] from KM_BD01.SchLib
Replace Part D5 1N4148 in C:\Users\tonyk\Documents\Workspaces\Eurobot 2020\voxl\electronics\KM_BD01\KM_BD01.SchDoc with 1N4148 from KM_BD01.SchLib
Replace Part P1 BLDC Terminal in C:\Users\tonyk\Documents\Workspaces\Eurobot 2020\voxl\electronics\KM_BD01\KM_BD01.SchDoc with BLDC Terminal from KM_BD01.SchLib
Replace Part P2 Encoder Terminal in C:\Users\tonyk\Documents\Workspaces\Eurobot 2020\voxl\electronics\KM_BD01\KM_BD01.SchDoc with Encoder Terminal from KM_BD01.SchLib
Replace Part P3 Header 3x2 in C:\Users\tonyk\Documents\Workspaces\Eurobot 2020\voxl\electronics\KM_BD01\KM_BD01.SchDoc with Header 3x2 from KM_BD01.SchLib
Replace Part P4 Header 2x4 (I2C + SWD) in C:\Users\tonyk\Documents\Workspaces\Eurobot 2020\voxl\electronics\KM_BD01\KM_BD01.SchDoc with Header 2x4 (I2C + SWD) from KM_BD01.SchLib
Replace Part P5 Power Terminal in C:\Users\tonyk\Documents\Workspaces\Eurobot 2020\voxl\electronics\KM_BD01\KM_BD01.SchDoc with Power Terminal from KM_BD01.SchLib
Replace Part P7 Header 4x1 in C:\Users\tonyk\Documents\Workspaces\Eurobot 2020\voxl\electronics\KM_BD01\KM_BD01.SchDoc with Header 4x1 from KM_BD01.SchLib
Replace Part Q1 NTMFS4935NT1G in C:\Users\tonyk\Documents\Workspaces\Eurobot 2020\voxl\electronics\KM_BD01\KM_BD01.SchDoc with NTMFS4935NT1G from KM_BD01.SchLib
Replace Part Q2 NTMFS4935NT1G in C:\Users\tonyk\Documents\Workspaces\Eurobot 2020\voxl\electronics\KM_BD01\KM_BD01.SchDoc with NTMFS4935NT1G from KM_BD01.SchLib
Replace Part Q3 NTMFS4935NT1G in C:\Users\tonyk\Documents\Workspaces\Eurobot 2020\voxl\electronics\KM_BD01\KM_BD01.SchDoc with NTMFS4935NT1G from KM_BD01.SchLib
Replace Part Q4 NTMFS4935NT1G in C:\Users\tonyk\Documents\Workspaces\Eurobot 2020\voxl\electronics\KM_BD01\KM_BD01.SchDoc with NTMFS4935NT1G from KM_BD01.SchLib
Replace Part Q5 NTMFS4935NT1G in C:\Users\tonyk\Documents\Workspaces\Eurobot 2020\voxl\electronics\KM_BD01\KM_BD01.SchDoc with NTMFS4935NT1G from KM_BD01.SchLib
Replace Part Q6 NTMFS4935NT1G in C:\Users\tonyk\Documents\Workspaces\Eurobot 2020\voxl\electronics\KM_BD01\KM_BD01.SchDoc with NTMFS4935NT1G from KM_BD01.SchLib
Replace Part R1 100 in C:\Users\tonyk\Documents\Workspaces\Eurobot 2020\voxl\electronics\KM_BD01\KM_BD01.SchDoc with 100 from KM_BD01.SchLib
Replace Part R2 33k in C:\Users\tonyk\Documents\Workspaces\Eurobot 2020\voxl\electronics\KM_BD01\KM_BD01.SchDoc with 33k from KM_BD01.SchLib
Replace Part R3 100 in C:\Users\tonyk\Documents\Workspaces\Eurobot 2020\voxl\electronics\KM_BD01\KM_BD01.SchDoc with 100 from KM_BD01.SchLib
Replace Part R4 100 in C:\Users\tonyk\Documents\Workspaces\Eurobot 2020\voxl\electronics\KM_BD01\KM_BD01.SchDoc with 100 from KM_BD01.SchLib
Replace Part R6 33k in C:\Users\tonyk\Documents\Workspaces\Eurobot 2020\voxl\electronics\KM_BD01\KM_BD01.SchDoc with 33k from KM_BD01.SchLib
Replace Part R7 100 in C:\Users\tonyk\Documents\Workspaces\Eurobot 2020\voxl\electronics\KM_BD01\KM_BD01.SchDoc with 100 from KM_BD01.SchLib
Replace Part R8 510 in C:\Users\tonyk\Documents\Workspaces\Eurobot 2020\voxl\electronics\KM_BD01\KM_BD01.SchDoc with 510 from KM_BD01.SchLib
Replace Part R9 4.7k in C:\Users\tonyk\Documents\Workspaces\Eurobot 2020\voxl\electronics\KM_BD01\KM_BD01.SchDoc with 4.7k from KM_BD01.SchLib
Replace Part R10 100K in C:\Users\tonyk\Documents\Workspaces\Eurobot 2020\voxl\electronics\KM_BD01\KM_BD01.SchDoc with 100K from KM_BD01.SchLib
Replace Part R11 100K in C:\Users\tonyk\Documents\Workspaces\Eurobot 2020\voxl\electronics\KM_BD01\KM_BD01.SchDoc with 100K from KM_BD01.SchLib
Replace Part R12 4.7k in C:\Users\tonyk\Documents\Workspaces\Eurobot 2020\voxl\electronics\KM_BD01\KM_BD01.SchDoc with 4.7k from KM_BD01.SchLib
Replace Part R13 100 in C:\Users\tonyk\Documents\Workspaces\Eurobot 2020\voxl\electronics\KM_BD01\KM_BD01.SchDoc with 100 from KM_BD01.SchLib
Replace Part R14 33k in C:\Users\tonyk\Documents\Workspaces\Eurobot 2020\voxl\electronics\KM_BD01\KM_BD01.SchDoc with 33k from KM_BD01.SchLib
Replace Part R15 100 in C:\Users\tonyk\Documents\Workspaces\Eurobot 2020\voxl\electronics\KM_BD01\KM_BD01.SchDoc with 100 from KM_BD01.SchLib
Replace Part R16 1M in C:\Users\tonyk\Documents\Workspaces\Eurobot 2020\voxl\electronics\KM_BD01\KM_BD01.SchDoc with 1M from KM_BD01.SchLib
Replace Part U1 TPS79933DDCT in C:\Users\tonyk\Documents\Workspaces\Eurobot 2020\voxl\electronics\KM_BD01\KM_BD01.SchDoc with TPS79933DDCT from KM_BD01.SchLib
Replace Part U2 IR2109 in C:\Users\tonyk\Documents\Workspaces\Eurobot 2020\voxl\electronics\KM_BD01\KM_BD01.SchDoc with IR2109 from KM_BD01.SchLib
Replace Part U3 STM32F103C8T6 in C:\Users\tonyk\Documents\Workspaces\Eurobot 2020\voxl\electronics\KM_BD01\KM_BD01.SchDoc with STM32F103C8T6 from KM_BD01.SchLib
Replace Part U4 KF50BD-TR in C:\Users\tonyk\Documents\Workspaces\Eurobot 2020\voxl\electronics\KM_BD01\KM_BD01.SchDoc with KF50BD-TR from KM_BD01.SchLib
Replace Part U5 IR2109 in C:\Users\tonyk\Documents\Workspaces\Eurobot 2020\voxl\electronics\KM_BD01\KM_BD01.SchDoc with IR2109 from KM_BD01.SchLib
Replace Part U6 IR2109 in C:\Users\tonyk\Documents\Workspaces\Eurobot 2020\voxl\electronics\KM_BD01\KM_BD01.SchDoc with IR2109 from KM_BD01.SchLib
Replace Part U7 SI8600AC-B-IS in C:\Users\tonyk\Documents\Workspaces\Eurobot 2020\voxl\electronics\KM_BD01\KM_BD01.SchDoc with SI8600AC-B-IS from KM_BD01.SchLib
Replace Part Y1 32.768K in C:\Users\tonyk\Documents\Workspaces\Eurobot 2020\voxl\electronics\KM_BD01\KM_BD01.SchDoc with 32.768K from KM_BD01.SchLib
Replace Part Y2 8MHz in C:\Users\tonyk\Documents\Workspaces\Eurobot 2020\voxl\electronics\KM_BD01\KM_BD01.SchDoc with 8MHz from KM_BD01.SchLib
