Replace Part C9 330nF in C:\Users\tonyk\Documents\Workspaces\Eurobot 2020\voxl\electronics\KM_BD01\KM_BD01.SchDoc with 330nF from KM_BD01.SchLib
Replace Part C10 100nF in C:\Users\tonyk\Documents\Workspaces\Eurobot 2020\voxl\electronics\KM_BD01\KM_BD01.SchDoc with 100nF from KM_BD01.SchLib
Replace Part C19 330µF in C:\Users\tonyk\Documents\Workspaces\Eurobot 2020\voxl\electronics\KM_BD01\KM_BD01.SchDoc with 330µF from KM_BD01.SchLib
Replace Part C20 330µF in C:\Users\tonyk\Documents\Workspaces\Eurobot 2020\voxl\electronics\KM_BD01\KM_BD01.SchDoc with 330µF from KM_BD01.SchLib
Replace Part C24 100nF in C:\Users\tonyk\Documents\Workspaces\Eurobot 2020\voxl\electronics\KM_BD01\KM_BD01.SchDoc with 100nF from KM_BD01.SchLib
Replace Part C25 100nF in C:\Users\tonyk\Documents\Workspaces\Eurobot 2020\voxl\electronics\KM_BD01\KM_BD01.SchDoc with 100nF from KM_BD01.SchLib
Replace Part D1 1N4148 in C:\Users\tonyk\Documents\Workspaces\Eurobot 2020\voxl\electronics\KM_BD01\KM_BD01.SchDoc with 1N4148 from KM_BD01.SchLib
Replace Part D2 1N4148 in C:\Users\tonyk\Documents\Workspaces\Eurobot 2020\voxl\electronics\KM_BD01\KM_BD01.SchDoc with 1N4148 from KM_BD01.SchLib
Replace Part D3 LED 3mm [GREEN] in C:\Users\tonyk\Documents\Workspaces\Eurobot 2020\voxl\electronics\KM_BD01\KM_BD01.SchDoc with LED 3mm [GREEN] from KM_BD01.SchLib
Replace Part D4 LED 3mm [RED] in C:\Users\tonyk\Documents\Workspaces\Eurobot 2020\voxl\electronics\KM_BD01\KM_BD01.SchDoc with LED 3mm [RED] from KM_BD01.SchLib
Replace Part D5 1N4148 in C:\Users\tonyk\Documents\Workspaces\Eurobot 2020\voxl\electronics\KM_BD01\KM_BD01.SchDoc with 1N4148 from KM_BD01.SchLib
Replace Part P1 BLDC Terminal in C:\Users\tonyk\Documents\Workspaces\Eurobot 2020\voxl\electronics\KM_BD01\KM_BD01.SchDoc with BLDC Terminal from KM_BD01.SchLib
Replace Part P2 Encoder Terminal in C:\Users\tonyk\Documents\Workspaces\Eurobot 2020\voxl\electronics\KM_BD01\KM_BD01.SchDoc with Encoder Terminal from KM_BD01.SchLib
Replace Part P3 Header 3x2 in C:\Users\tonyk\Documents\Workspaces\Eurobot 2020\voxl\electronics\KM_BD01\KM_BD01.SchDoc with Header 3x2 from KM_BD01.SchLib
Replace Part P4 Header 4x1 in C:\Users\tonyk\Documents\Workspaces\Eurobot 2020\voxl\electronics\KM_BD01\KM_BD01.SchDoc with Header 4x1 from KM_BD01.SchLib
Replace Part P5 Power Terminal in C:\Users\tonyk\Documents\Workspaces\Eurobot 2020\voxl\electronics\KM_BD01\KM_BD01.SchDoc with Power Terminal from KM_BD01.SchLib
Replace Part P6 ST-Link Header in C:\Users\tonyk\Documents\Workspaces\Eurobot 2020\voxl\electronics\KM_BD01\KM_BD01.SchDoc with ST-Link Header from KM_BD01.SchLib
Replace Part P7 Header 4x1 in C:\Users\tonyk\Documents\Workspaces\Eurobot 2020\voxl\electronics\KM_BD01\KM_BD01.SchDoc with Header 4x1 from KM_BD01.SchLib
Replace Part R9 4.7k in C:\Users\tonyk\Documents\Workspaces\Eurobot 2020\voxl\electronics\KM_BD01\KM_BD01.SchDoc with 4.7k from KM_BD01.SchLib
Replace Part R10 100K in C:\Users\tonyk\Documents\Workspaces\Eurobot 2020\voxl\electronics\KM_BD01\KM_BD01.SchDoc with 100K from KM_BD01.SchLib
Replace Part R11 100K in C:\Users\tonyk\Documents\Workspaces\Eurobot 2020\voxl\electronics\KM_BD01\KM_BD01.SchDoc with 100K from KM_BD01.SchLib
Replace Part R12 4.7k in C:\Users\tonyk\Documents\Workspaces\Eurobot 2020\voxl\electronics\KM_BD01\KM_BD01.SchDoc with 4.7k from KM_BD01.SchLib
Replace Part U1 TPS79933DDCT in C:\Users\tonyk\Documents\Workspaces\Eurobot 2020\voxl\electronics\KM_BD01\KM_BD01.SchDoc with TPS79933DDCT from KM_BD01.SchLib
Replace Part U3 STM32F103C8T6 in C:\Users\tonyk\Documents\Workspaces\Eurobot 2020\voxl\electronics\KM_BD01\KM_BD01.SchDoc with STM32F103C8T6 from KM_BD01.SchLib
Replace Part U4 L7805 in C:\Users\tonyk\Documents\Workspaces\Eurobot 2020\voxl\electronics\KM_BD01\KM_BD01.SchDoc with L7805 from KM_BD01.SchLib
Replace Part U7 SI8600AC-B-IS in C:\Users\tonyk\Documents\Workspaces\Eurobot 2020\voxl\electronics\KM_BD01\KM_BD01.SchDoc with SI8600AC-B-IS from KM_BD01.SchLib
